Array
(
    [ID] => 2075
    [~ID] => 2075
    [UF_CRM_1531814346032] => 
    [~UF_CRM_1531814346032] => 
    [UF_CRM_1531814359596] => 
    [~UF_CRM_1531814359596] => 
    [UF_CRM_1531814371410] => 
    [~UF_CRM_1531814371410] => 
    [UF_CRM_1531814395288] => 
    [~UF_CRM_1531814395288] => 
    [UF_CRM_1531814407691] => 
    [~UF_CRM_1531814407691] => 
    [UF_CRM_1531831344413] => 
    [~UF_CRM_1531831344413] => 
    [UF_CRM_1529753120] => Array
        (
        )

    [~UF_CRM_1529753120] => Array
        (
        )

    [UF_CRM_1529753275] => Array
        (
            [0] => 676
        )

    [~UF_CRM_1529753275] => Array
        (
            [0] => 676
        )

    [UF_CRM_1531814668] => Array
        (
            [0] => 676
            [1] => 676
        )

    [~UF_CRM_1531814668] => Array
        (
            [0] => 676
            [1] => 676
        )

)
Array
(
    [HOURS_PROGR] => 15
    [PROGERS_ID] => Array
        (
            [0] => 676
        )

    [HOURS_ANALIT] => 0
    [ANALITICS_ID] => Array
        (
        )

    [HOURS_ELSE] => 0
    [EVALUATION_ID] => Array
        (
        )

    [TOTAL_PROJECT_HOURS] => 15
    [DEAL_ID] => 2075
)
